LoraConfig(peft_type=<PeftType.LORA: 'LORA'>, auto_mapping={'base_model_class': 'MllamaForConditionalGeneration', 'parent_library': 'transformers.models.mllama.modeling_mllama'}, base_model_name_or_path='mylesgoose/Llama-3.2-11B-Vision-Instruct', revision=None, task_type=None, inference_mode=True, r=16, target_modules={'v_proj', 'q_proj'}, lora_alpha=32, lora_dropout=0.1, fan_in_fan_out=False, bias='none', use_rslora=False, modules_to_save=None, init_lora_weights=True, layers_to_transform=None, layers_pattern=None, rank_pattern={}, alpha_pattern={}, megatron_config=None, megatron_core='megatron.core', loftq_config={}, use_dora=False, layer_replication=None, runtime_config=LoraRuntimeConfig(ephemeral_gpu_offload=False))
Loading checkpoint shards:   0%|          | 0/5 [00:00<?, ?it/s]Loading checkpoint shards:  20%|██        | 1/5 [00:00<00:01,  3.72it/s]Loading checkpoint shards:  40%|████      | 2/5 [00:00<00:00,  5.32it/s]Loading checkpoint shards:  60%|██████    | 3/5 [00:00<00:00,  6.19it/s]Loading checkpoint shards:  80%|████████  | 4/5 [00:00<00:00,  6.66it/s]Loading checkpoint shards: 100%|██████████| 5/5 [00:00<00:00,  7.41it/s]Loading checkpoint shards: 100%|██████████| 5/5 [00:00<00:00,  6.48it/s]
/scratch/oe2015/conda-envs/greedy/lib/python3.9/site-packages/torchmetrics/utilities/prints.py:43: UserWarning: Metric `Kernel Inception Distance` will save all extracted features in buffer. For large datasets this may lead to large memory footprint.
  warnings.warn(*args, **kwargs)  # noqa: B028
base_model.model.vision_model.transformer.layers.0.self_attn.q_proj.lora_A.default.weight: requires_grad=False
base_model.model.vision_model.transformer.layers.0.self_attn.q_proj.lora_B.default.weight: requires_grad=False
base_model.model.vision_model.transformer.layers.0.self_attn.v_proj.lora_A.default.weight: requires_grad=False
base_model.model.vision_model.transformer.layers.0.self_attn.v_proj.lora_B.default.weight: requires_grad=False
base_model.model.vision_model.transformer.layers.1.self_attn.q_proj.lora_A.default.weight: requires_grad=False
base_model.model.vision_model.transformer.layers.1.self_attn.q_proj.lora_B.default.weight: requires_grad=False
base_model.model.vision_model.transformer.layers.1.self_attn.v_proj.lora_A.default.weight: requires_grad=False
base_model.model.vision_model.transformer.layers.1.self_attn.v_proj.lora_B.default.weight: requires_grad=False
base_model.model.vision_model.transformer.layers.2.self_attn.q_proj.lora_A.default.weight: requires_grad=False
base_model.model.vision_model.transformer.layers.2.self_attn.q_proj.lora_B.default.weight: requires_grad=False
base_model.model.vision_model.transformer.layers.2.self_attn.v_proj.lora_A.default.weight: requires_grad=False
base_model.model.vision_model.transformer.layers.2.self_attn.v_proj.lora_B.default.weight: requires_grad=False
base_model.model.vision_model.transformer.layers.3.self_attn.q_proj.lora_A.default.weight: requires_grad=False
base_model.model.vision_model.transformer.layers.3.self_attn.q_proj.lora_B.default.weight: requires_grad=False
base_model.model.vision_model.transformer.layers.3.self_attn.v_proj.lora_A.default.weight: requires_grad=False
base_model.model.vision_model.transformer.layers.3.self_attn.v_proj.lora_B.default.weight: requires_grad=False
base_model.model.vision_model.transformer.layers.4.self_attn.q_proj.lora_A.default.weight: requires_grad=False
base_model.model.vision_model.transformer.layers.4.self_attn.q_proj.lora_B.default.weight: requires_grad=False
base_model.model.vision_model.transformer.layers.4.self_attn.v_proj.lora_A.default.weight: requires_grad=False
base_model.model.vision_model.transformer.layers.4.self_attn.v_proj.lora_B.default.weight: requires_grad=False
base_model.model.vision_model.transformer.layers.5.self_attn.q_proj.lora_A.default.weight: requires_grad=False
base_model.model.vision_model.transformer.layers.5.self_attn.q_proj.lora_B.default.weight: requires_grad=False
base_model.model.vision_model.transformer.layers.5.self_attn.v_proj.lora_A.default.weight: requires_grad=False
base_model.model.vision_model.transformer.layers.5.self_attn.v_proj.lora_B.default.weight: requires_grad=False
base_model.model.vision_model.transformer.layers.6.self_attn.q_proj.lora_A.default.weight: requires_grad=False
base_model.model.vision_model.transformer.layers.6.self_attn.q_proj.lora_B.default.weight: requires_grad=False
base_model.model.vision_model.transformer.layers.6.self_attn.v_proj.lora_A.default.weight: requires_grad=False
base_model.model.vision_model.transformer.layers.6.self_attn.v_proj.lora_B.default.weight: requires_grad=False
base_model.model.vision_model.transformer.layers.7.self_attn.q_proj.lora_A.default.weight: requires_grad=False
base_model.model.vision_model.transformer.layers.7.self_attn.q_proj.lora_B.default.weight: requires_grad=False
base_model.model.vision_model.transformer.layers.7.self_attn.v_proj.lora_A.default.weight: requires_grad=False
base_model.model.vision_model.transformer.layers.7.self_attn.v_proj.lora_B.default.weight: requires_grad=False
base_model.model.vision_model.transformer.layers.8.self_attn.q_proj.lora_A.default.weight: requires_grad=False
base_model.model.vision_model.transformer.layers.8.self_attn.q_proj.lora_B.default.weight: requires_grad=False
base_model.model.vision_model.transformer.layers.8.self_attn.v_proj.lora_A.default.weight: requires_grad=False
base_model.model.vision_model.transformer.layers.8.self_attn.v_proj.lora_B.default.weight: requires_grad=False
base_model.model.vision_model.transformer.layers.9.self_attn.q_proj.lora_A.default.weight: requires_grad=False
base_model.model.vision_model.transformer.layers.9.self_attn.q_proj.lora_B.default.weight: requires_grad=False
base_model.model.vision_model.transformer.layers.9.self_attn.v_proj.lora_A.default.weight: requires_grad=False
base_model.model.vision_model.transformer.layers.9.self_attn.v_proj.lora_B.default.weight: requires_grad=False
base_model.model.vision_model.transformer.layers.10.self_attn.q_proj.lora_A.default.weight: requires_grad=False
base_model.model.vision_model.transformer.layers.10.self_attn.q_proj.lora_B.default.weight: requires_grad=False
base_model.model.vision_model.transformer.layers.10.self_attn.v_proj.lora_A.default.weight: requires_grad=False
base_model.model.vision_model.transformer.layers.10.self_attn.v_proj.lora_B.default.weight: requires_grad=False
base_model.model.vision_model.transformer.layers.11.self_attn.q_proj.lora_A.default.weight: requires_grad=False
base_model.model.vision_model.transformer.layers.11.self_attn.q_proj.lora_B.default.weight: requires_grad=False
base_model.model.vision_model.transformer.layers.11.self_attn.v_proj.lora_A.default.weight: requires_grad=False
base_model.model.vision_model.transformer.layers.11.self_attn.v_proj.lora_B.default.weight: requires_grad=False
base_model.model.vision_model.transformer.layers.12.self_attn.q_proj.lora_A.default.weight: requires_grad=False
base_model.model.vision_model.transformer.layers.12.self_attn.q_proj.lora_B.default.weight: requires_grad=False
base_model.model.vision_model.transformer.layers.12.self_attn.v_proj.lora_A.default.weight: requires_grad=False
base_model.model.vision_model.transformer.layers.12.self_attn.v_proj.lora_B.default.weight: requires_grad=False
base_model.model.vision_model.transformer.layers.13.self_attn.q_proj.lora_A.default.weight: requires_grad=False
base_model.model.vision_model.transformer.layers.13.self_attn.q_proj.lora_B.default.weight: requires_grad=False
base_model.model.vision_model.transformer.layers.13.self_attn.v_proj.lora_A.default.weight: requires_grad=False
base_model.model.vision_model.transformer.layers.13.self_attn.v_proj.lora_B.default.weight: requires_grad=False
base_model.model.vision_model.transformer.layers.14.self_attn.q_proj.lora_A.default.weight: requires_grad=False
base_model.model.vision_model.transformer.layers.14.self_attn.q_proj.lora_B.default.weight: requires_grad=False
base_model.model.vision_model.transformer.layers.14.self_attn.v_proj.lora_A.default.weight: requires_grad=False
base_model.model.vision_model.transformer.layers.14.self_attn.v_proj.lora_B.default.weight: requires_grad=False
base_model.model.vision_model.transformer.layers.15.self_attn.q_proj.lora_A.default.weight: requires_grad=False
base_model.model.vision_model.transformer.layers.15.self_attn.q_proj.lora_B.default.weight: requires_grad=False
base_model.model.vision_model.transformer.layers.15.self_attn.v_proj.lora_A.default.weight: requires_grad=False
base_model.model.vision_model.transformer.layers.15.self_attn.v_proj.lora_B.default.weight: requires_grad=False
base_model.model.vision_model.transformer.layers.16.self_attn.q_proj.lora_A.default.weight: requires_grad=False
base_model.model.vision_model.transformer.layers.16.self_attn.q_proj.lora_B.default.weight: requires_grad=False
base_model.model.vision_model.transformer.layers.16.self_attn.v_proj.lora_A.default.weight: requires_grad=False
base_model.model.vision_model.transformer.layers.16.self_attn.v_proj.lora_B.default.weight: requires_grad=False
base_model.model.vision_model.transformer.layers.17.self_attn.q_proj.lora_A.default.weight: requires_grad=False
base_model.model.vision_model.transformer.layers.17.self_attn.q_proj.lora_B.default.weight: requires_grad=False
base_model.model.vision_model.transformer.layers.17.self_attn.v_proj.lora_A.default.weight: requires_grad=False
base_model.model.vision_model.transformer.layers.17.self_attn.v_proj.lora_B.default.weight: requires_grad=False
base_model.model.vision_model.transformer.layers.18.self_attn.q_proj.lora_A.default.weight: requires_grad=False
base_model.model.vision_model.transformer.layers.18.self_attn.q_proj.lora_B.default.weight: requires_grad=False
base_model.model.vision_model.transformer.layers.18.self_attn.v_proj.lora_A.default.weight: requires_grad=False
base_model.model.vision_model.transformer.layers.18.self_attn.v_proj.lora_B.default.weight: requires_grad=False
base_model.model.vision_model.transformer.layers.19.self_attn.q_proj.lora_A.default.weight: requires_grad=False
base_model.model.vision_model.transformer.layers.19.self_attn.q_proj.lora_B.default.weight: requires_grad=False
base_model.model.vision_model.transformer.layers.19.self_attn.v_proj.lora_A.default.weight: requires_grad=False
base_model.model.vision_model.transformer.layers.19.self_attn.v_proj.lora_B.default.weight: requires_grad=False
base_model.model.vision_model.transformer.layers.20.self_attn.q_proj.lora_A.default.weight: requires_grad=False
base_model.model.vision_model.transformer.layers.20.self_attn.q_proj.lora_B.default.weight: requires_grad=False
base_model.model.vision_model.transformer.layers.20.self_attn.v_proj.lora_A.default.weight: requires_grad=False
base_model.model.vision_model.transformer.layers.20.self_attn.v_proj.lora_B.default.weight: requires_grad=False
base_model.model.vision_model.transformer.layers.21.self_attn.q_proj.lora_A.default.weight: requires_grad=False
base_model.model.vision_model.transformer.layers.21.self_attn.q_proj.lora_B.default.weight: requires_grad=False
base_model.model.vision_model.transformer.layers.21.self_attn.v_proj.lora_A.default.weight: requires_grad=False
base_model.model.vision_model.transformer.layers.21.self_attn.v_proj.lora_B.default.weight: requires_grad=False
base_model.model.vision_model.transformer.layers.22.self_attn.q_proj.lora_A.default.weight: requires_grad=False
base_model.model.vision_model.transformer.layers.22.self_attn.q_proj.lora_B.default.weight: requires_grad=False
base_model.model.vision_model.transformer.layers.22.self_attn.v_proj.lora_A.default.weight: requires_grad=False
base_model.model.vision_model.transformer.layers.22.self_attn.v_proj.lora_B.default.weight: requires_grad=False
base_model.model.vision_model.transformer.layers.23.self_attn.q_proj.lora_A.default.weight: requires_grad=False
base_model.model.vision_model.transformer.layers.23.self_attn.q_proj.lora_B.default.weight: requires_grad=False
base_model.model.vision_model.transformer.layers.23.self_attn.v_proj.lora_A.default.weight: requires_grad=False
base_model.model.vision_model.transformer.layers.23.self_attn.v_proj.lora_B.default.weight: requires_grad=False
base_model.model.vision_model.transformer.layers.24.self_attn.q_proj.lora_A.default.weight: requires_grad=False
base_model.model.vision_model.transformer.layers.24.self_attn.q_proj.lora_B.default.weight: requires_grad=False
base_model.model.vision_model.transformer.layers.24.self_attn.v_proj.lora_A.default.weight: requires_grad=False
base_model.model.vision_model.transformer.layers.24.self_attn.v_proj.lora_B.default.weight: requires_grad=False
base_model.model.vision_model.transformer.layers.25.self_attn.q_proj.lora_A.default.weight: requires_grad=False
base_model.model.vision_model.transformer.layers.25.self_attn.q_proj.lora_B.default.weight: requires_grad=False
base_model.model.vision_model.transformer.layers.25.self_attn.v_proj.lora_A.default.weight: requires_grad=False
base_model.model.vision_model.transformer.layers.25.self_attn.v_proj.lora_B.default.weight: requires_grad=False
base_model.model.vision_model.transformer.layers.26.self_attn.q_proj.lora_A.default.weight: requires_grad=False
base_model.model.vision_model.transformer.layers.26.self_attn.q_proj.lora_B.default.weight: requires_grad=False
base_model.model.vision_model.transformer.layers.26.self_attn.v_proj.lora_A.default.weight: requires_grad=False
base_model.model.vision_model.transformer.layers.26.self_attn.v_proj.lora_B.default.weight: requires_grad=False
base_model.model.vision_model.transformer.layers.27.self_attn.q_proj.lora_A.default.weight: requires_grad=False
base_model.model.vision_model.transformer.layers.27.self_attn.q_proj.lora_B.default.weight: requires_grad=False
base_model.model.vision_model.transformer.layers.27.self_attn.v_proj.lora_A.default.weight: requires_grad=False
base_model.model.vision_model.transformer.layers.27.self_attn.v_proj.lora_B.default.weight: requires_grad=False
base_model.model.vision_model.transformer.layers.28.self_attn.q_proj.lora_A.default.weight: requires_grad=False
base_model.model.vision_model.transformer.layers.28.self_attn.q_proj.lora_B.default.weight: requires_grad=False
base_model.model.vision_model.transformer.layers.28.self_attn.v_proj.lora_A.default.weight: requires_grad=False
base_model.model.vision_model.transformer.layers.28.self_attn.v_proj.lora_B.default.weight: requires_grad=False
base_model.model.vision_model.transformer.layers.29.self_attn.q_proj.lora_A.default.weight: requires_grad=False
base_model.model.vision_model.transformer.layers.29.self_attn.q_proj.lora_B.default.weight: requires_grad=False
base_model.model.vision_model.transformer.layers.29.self_attn.v_proj.lora_A.default.weight: requires_grad=False
base_model.model.vision_model.transformer.layers.29.self_attn.v_proj.lora_B.default.weight: requires_grad=False
base_model.model.vision_model.transformer.layers.30.self_attn.q_proj.lora_A.default.weight: requires_grad=False
base_model.model.vision_model.transformer.layers.30.self_attn.q_proj.lora_B.default.weight: requires_grad=False
base_model.model.vision_model.transformer.layers.30.self_attn.v_proj.lora_A.default.weight: requires_grad=False
base_model.model.vision_model.transformer.layers.30.self_attn.v_proj.lora_B.default.weight: requires_grad=False
base_model.model.vision_model.transformer.layers.31.self_attn.q_proj.lora_A.default.weight: requires_grad=False
base_model.model.vision_model.transformer.layers.31.self_attn.q_proj.lora_B.default.weight: requires_grad=False
base_model.model.vision_model.transformer.layers.31.self_attn.v_proj.lora_A.default.weight: requires_grad=False
base_model.model.vision_model.transformer.layers.31.self_attn.v_proj.lora_B.default.weight: requires_grad=False
base_model.model.vision_model.global_transformer.layers.0.self_attn.q_proj.lora_A.default.weight: requires_grad=False
base_model.model.vision_model.global_transformer.layers.0.self_attn.q_proj.lora_B.default.weight: requires_grad=False
base_model.model.vision_model.global_transformer.layers.0.self_attn.v_proj.lora_A.default.weight: requires_grad=False
base_model.model.vision_model.global_transformer.layers.0.self_attn.v_proj.lora_B.default.weight: requires_grad=False
base_model.model.vision_model.global_transformer.layers.1.self_attn.q_proj.lora_A.default.weight: requires_grad=False
base_model.model.vision_model.global_transformer.layers.1.self_attn.q_proj.lora_B.default.weight: requires_grad=False
base_model.model.vision_model.global_transformer.layers.1.self_attn.v_proj.lora_A.default.weight: requires_grad=False
base_model.model.vision_model.global_transformer.layers.1.self_attn.v_proj.lora_B.default.weight: requires_grad=False
base_model.model.vision_model.global_transformer.layers.2.self_attn.q_proj.lora_A.default.weight: requires_grad=False
base_model.model.vision_model.global_transformer.layers.2.self_attn.q_proj.lora_B.default.weight: requires_grad=False
base_model.model.vision_model.global_transformer.layers.2.self_attn.v_proj.lora_A.default.weight: requires_grad=False
base_model.model.vision_model.global_transformer.layers.2.self_attn.v_proj.lora_B.default.weight: requires_grad=False
base_model.model.vision_model.global_transformer.layers.3.self_attn.q_proj.lora_A.default.weight: requires_grad=False
base_model.model.vision_model.global_transformer.layers.3.self_attn.q_proj.lora_B.default.weight: requires_grad=False
base_model.model.vision_model.global_transformer.layers.3.self_attn.v_proj.lora_A.default.weight: requires_grad=False
base_model.model.vision_model.global_transformer.layers.3.self_attn.v_proj.lora_B.default.weight: requires_grad=False
base_model.model.vision_model.global_transformer.layers.4.self_attn.q_proj.lora_A.default.weight: requires_grad=False
base_model.model.vision_model.global_transformer.layers.4.self_attn.q_proj.lora_B.default.weight: requires_grad=False
base_model.model.vision_model.global_transformer.layers.4.self_attn.v_proj.lora_A.default.weight: requires_grad=False
base_model.model.vision_model.global_transformer.layers.4.self_attn.v_proj.lora_B.default.weight: requires_grad=False
base_model.model.vision_model.global_transformer.layers.5.self_attn.q_proj.lora_A.default.weight: requires_grad=False
base_model.model.vision_model.global_transformer.layers.5.self_attn.q_proj.lora_B.default.weight: requires_grad=False
base_model.model.vision_model.global_transformer.layers.5.self_attn.v_proj.lora_A.default.weight: requires_grad=False
base_model.model.vision_model.global_transformer.layers.5.self_attn.v_proj.lora_B.default.weight: requires_grad=False
base_model.model.vision_model.global_transformer.layers.6.self_attn.q_proj.lora_A.default.weight: requires_grad=False
base_model.model.vision_model.global_transformer.layers.6.self_attn.q_proj.lora_B.default.weight: requires_grad=False
base_model.model.vision_model.global_transformer.layers.6.self_attn.v_proj.lora_A.default.weight: requires_grad=False
base_model.model.vision_model.global_transformer.layers.6.self_attn.v_proj.lora_B.default.weight: requires_grad=False
base_model.model.vision_model.global_transformer.layers.7.self_attn.q_proj.lora_A.default.weight: requires_grad=False
base_model.model.vision_model.global_transformer.layers.7.self_attn.q_proj.lora_B.default.weight: requires_grad=False
base_model.model.vision_model.global_transformer.layers.7.self_attn.v_proj.lora_A.default.weight: requires_grad=False
base_model.model.vision_model.global_transformer.layers.7.self_attn.v_proj.lora_B.default.weight: requires_grad=False
base_model.model.language_model.model.layers.0.self_attn.q_proj.lora_A.default.weight: requires_grad=False
base_model.model.language_model.model.layers.0.self_attn.q_proj.lora_B.default.weight: requires_grad=False
base_model.model.language_model.model.layers.0.self_attn.v_proj.lora_A.default.weight: requires_grad=False
base_model.model.language_model.model.layers.0.self_attn.v_proj.lora_B.default.weight: requires_grad=False
base_model.model.language_model.model.layers.1.self_attn.q_proj.lora_A.default.weight: requires_grad=False
base_model.model.language_model.model.layers.1.self_attn.q_proj.lora_B.default.weight: requires_grad=False
base_model.model.language_model.model.layers.1.self_attn.v_proj.lora_A.default.weight: requires_grad=False
base_model.model.language_model.model.layers.1.self_attn.v_proj.lora_B.default.weight: requires_grad=False
base_model.model.language_model.model.layers.2.self_attn.q_proj.lora_A.default.weight: requires_grad=False
base_model.model.language_model.model.layers.2.self_attn.q_proj.lora_B.default.weight: requires_grad=False
base_model.model.language_model.model.layers.2.self_attn.v_proj.lora_A.default.weight: requires_grad=False
base_model.model.language_model.model.layers.2.self_attn.v_proj.lora_B.default.weight: requires_grad=False
base_model.model.language_model.model.layers.3.cross_attn.q_proj.lora_A.default.weight: requires_grad=False
base_model.model.language_model.model.layers.3.cross_attn.q_proj.lora_B.default.weight: requires_grad=False
base_model.model.language_model.model.layers.3.cross_attn.v_proj.lora_A.default.weight: requires_grad=False
base_model.model.language_model.model.layers.3.cross_attn.v_proj.lora_B.default.weight: requires_grad=False
base_model.model.language_model.model.layers.4.self_attn.q_proj.lora_A.default.weight: requires_grad=False
base_model.model.language_model.model.layers.4.self_attn.q_proj.lora_B.default.weight: requires_grad=False
base_model.model.language_model.model.layers.4.self_attn.v_proj.lora_A.default.weight: requires_grad=False
base_model.model.language_model.model.layers.4.self_attn.v_proj.lora_B.default.weight: requires_grad=False
base_model.model.language_model.model.layers.5.self_attn.q_proj.lora_A.default.weight: requires_grad=False
base_model.model.language_model.model.layers.5.self_attn.q_proj.lora_B.default.weight: requires_grad=False
base_model.model.language_model.model.layers.5.self_attn.v_proj.lora_A.default.weight: requires_grad=False
base_model.model.language_model.model.layers.5.self_attn.v_proj.lora_B.default.weight: requires_grad=False
base_model.model.language_model.model.layers.6.self_attn.q_proj.lora_A.default.weight: requires_grad=False
base_model.model.language_model.model.layers.6.self_attn.q_proj.lora_B.default.weight: requires_grad=False
base_model.model.language_model.model.layers.6.self_attn.v_proj.lora_A.default.weight: requires_grad=False
base_model.model.language_model.model.layers.6.self_attn.v_proj.lora_B.default.weight: requires_grad=False
base_model.model.language_model.model.layers.7.self_attn.q_proj.lora_A.default.weight: requires_grad=False
base_model.model.language_model.model.layers.7.self_attn.q_proj.lora_B.default.weight: requires_grad=False
base_model.model.language_model.model.layers.7.self_attn.v_proj.lora_A.default.weight: requires_grad=False
base_model.model.language_model.model.layers.7.self_attn.v_proj.lora_B.default.weight: requires_grad=False
base_model.model.language_model.model.layers.8.cross_attn.q_proj.lora_A.default.weight: requires_grad=False
base_model.model.language_model.model.layers.8.cross_attn.q_proj.lora_B.default.weight: requires_grad=False
base_model.model.language_model.model.layers.8.cross_attn.v_proj.lora_A.default.weight: requires_grad=False
base_model.model.language_model.model.layers.8.cross_attn.v_proj.lora_B.default.weight: requires_grad=False
base_model.model.language_model.model.layers.9.self_attn.q_proj.lora_A.default.weight: requires_grad=False
base_model.model.language_model.model.layers.9.self_attn.q_proj.lora_B.default.weight: requires_grad=False
base_model.model.language_model.model.layers.9.self_attn.v_proj.lora_A.default.weight: requires_grad=False
base_model.model.language_model.model.layers.9.self_attn.v_proj.lora_B.default.weight: requires_grad=False
base_model.model.language_model.model.layers.10.self_attn.q_proj.lora_A.default.weight: requires_grad=False
base_model.model.language_model.model.layers.10.self_attn.q_proj.lora_B.default.weight: requires_grad=False
base_model.model.language_model.model.layers.10.self_attn.v_proj.lora_A.default.weight: requires_grad=False
base_model.model.language_model.model.layers.10.self_attn.v_proj.lora_B.default.weight: requires_grad=False
base_model.model.language_model.model.layers.11.self_attn.q_proj.lora_A.default.weight: requires_grad=False
base_model.model.language_model.model.layers.11.self_attn.q_proj.lora_B.default.weight: requires_grad=False
base_model.model.language_model.model.layers.11.self_attn.v_proj.lora_A.default.weight: requires_grad=False
base_model.model.language_model.model.layers.11.self_attn.v_proj.lora_B.default.weight: requires_grad=False
base_model.model.language_model.model.layers.12.self_attn.q_proj.lora_A.default.weight: requires_grad=False
base_model.model.language_model.model.layers.12.self_attn.q_proj.lora_B.default.weight: requires_grad=False
base_model.model.language_model.model.layers.12.self_attn.v_proj.lora_A.default.weight: requires_grad=False
base_model.model.language_model.model.layers.12.self_attn.v_proj.lora_B.default.weight: requires_grad=False
base_model.model.language_model.model.layers.13.cross_attn.q_proj.lora_A.default.weight: requires_grad=False
base_model.model.language_model.model.layers.13.cross_attn.q_proj.lora_B.default.weight: requires_grad=False
base_model.model.language_model.model.layers.13.cross_attn.v_proj.lora_A.default.weight: requires_grad=False
base_model.model.language_model.model.layers.13.cross_attn.v_proj.lora_B.default.weight: requires_grad=False
base_model.model.language_model.model.layers.14.self_attn.q_proj.lora_A.default.weight: requires_grad=False
base_model.model.language_model.model.layers.14.self_attn.q_proj.lora_B.default.weight: requires_grad=False
base_model.model.language_model.model.layers.14.self_attn.v_proj.lora_A.default.weight: requires_grad=False
base_model.model.language_model.model.layers.14.self_attn.v_proj.lora_B.default.weight: requires_grad=False
base_model.model.language_model.model.layers.15.self_attn.q_proj.lora_A.default.weight: requires_grad=False
base_model.model.language_model.model.layers.15.self_attn.q_proj.lora_B.default.weight: requires_grad=False
base_model.model.language_model.model.layers.15.self_attn.v_proj.lora_A.default.weight: requires_grad=False
base_model.model.language_model.model.layers.15.self_attn.v_proj.lora_B.default.weight: requires_grad=False
base_model.model.language_model.model.layers.16.self_attn.q_proj.lora_A.default.weight: requires_grad=False
base_model.model.language_model.model.layers.16.self_attn.q_proj.lora_B.default.weight: requires_grad=False
base_model.model.language_model.model.layers.16.self_attn.v_proj.lora_A.default.weight: requires_grad=False
base_model.model.language_model.model.layers.16.self_attn.v_proj.lora_B.default.weight: requires_grad=False
base_model.model.language_model.model.layers.17.self_attn.q_proj.lora_A.default.weight: requires_grad=False
base_model.model.language_model.model.layers.17.self_attn.q_proj.lora_B.default.weight: requires_grad=False
base_model.model.language_model.model.layers.17.self_attn.v_proj.lora_A.default.weight: requires_grad=False
base_model.model.language_model.model.layers.17.self_attn.v_proj.lora_B.default.weight: requires_grad=False
base_model.model.language_model.model.layers.18.cross_attn.q_proj.lora_A.default.weight: requires_grad=False
base_model.model.language_model.model.layers.18.cross_attn.q_proj.lora_B.default.weight: requires_grad=False
base_model.model.language_model.model.layers.18.cross_attn.v_proj.lora_A.default.weight: requires_grad=False
base_model.model.language_model.model.layers.18.cross_attn.v_proj.lora_B.default.weight: requires_grad=False
base_model.model.language_model.model.layers.19.self_attn.q_proj.lora_A.default.weight: requires_grad=False
base_model.model.language_model.model.layers.19.self_attn.q_proj.lora_B.default.weight: requires_grad=False
base_model.model.language_model.model.layers.19.self_attn.v_proj.lora_A.default.weight: requires_grad=False
base_model.model.language_model.model.layers.19.self_attn.v_proj.lora_B.default.weight: requires_grad=False
base_model.model.language_model.model.layers.20.self_attn.q_proj.lora_A.default.weight: requires_grad=False
base_model.model.language_model.model.layers.20.self_attn.q_proj.lora_B.default.weight: requires_grad=False
base_model.model.language_model.model.layers.20.self_attn.v_proj.lora_A.default.weight: requires_grad=False
base_model.model.language_model.model.layers.20.self_attn.v_proj.lora_B.default.weight: requires_grad=False
base_model.model.language_model.model.layers.21.self_attn.q_proj.lora_A.default.weight: requires_grad=False
base_model.model.language_model.model.layers.21.self_attn.q_proj.lora_B.default.weight: requires_grad=False
base_model.model.language_model.model.layers.21.self_attn.v_proj.lora_A.default.weight: requires_grad=False
base_model.model.language_model.model.layers.21.self_attn.v_proj.lora_B.default.weight: requires_grad=False
base_model.model.language_model.model.layers.22.self_attn.q_proj.lora_A.default.weight: requires_grad=False
base_model.model.language_model.model.layers.22.self_attn.q_proj.lora_B.default.weight: requires_grad=False
base_model.model.language_model.model.layers.22.self_attn.v_proj.lora_A.default.weight: requires_grad=False
base_model.model.language_model.model.layers.22.self_attn.v_proj.lora_B.default.weight: requires_grad=False
base_model.model.language_model.model.layers.23.cross_attn.q_proj.lora_A.default.weight: requires_grad=False
base_model.model.language_model.model.layers.23.cross_attn.q_proj.lora_B.default.weight: requires_grad=False
base_model.model.language_model.model.layers.23.cross_attn.v_proj.lora_A.default.weight: requires_grad=False
base_model.model.language_model.model.layers.23.cross_attn.v_proj.lora_B.default.weight: requires_grad=False
base_model.model.language_model.model.layers.24.self_attn.q_proj.lora_A.default.weight: requires_grad=False
base_model.model.language_model.model.layers.24.self_attn.q_proj.lora_B.default.weight: requires_grad=False
base_model.model.language_model.model.layers.24.self_attn.v_proj.lora_A.default.weight: requires_grad=False
base_model.model.language_model.model.layers.24.self_attn.v_proj.lora_B.default.weight: requires_grad=False
base_model.model.language_model.model.layers.25.self_attn.q_proj.lora_A.default.weight: requires_grad=False
base_model.model.language_model.model.layers.25.self_attn.q_proj.lora_B.default.weight: requires_grad=False
base_model.model.language_model.model.layers.25.self_attn.v_proj.lora_A.default.weight: requires_grad=False
base_model.model.language_model.model.layers.25.self_attn.v_proj.lora_B.default.weight: requires_grad=False
base_model.model.language_model.model.layers.26.self_attn.q_proj.lora_A.default.weight: requires_grad=False
base_model.model.language_model.model.layers.26.self_attn.q_proj.lora_B.default.weight: requires_grad=False
base_model.model.language_model.model.layers.26.self_attn.v_proj.lora_A.default.weight: requires_grad=False
base_model.model.language_model.model.layers.26.self_attn.v_proj.lora_B.default.weight: requires_grad=False
base_model.model.language_model.model.layers.27.self_attn.q_proj.lora_A.default.weight: requires_grad=False
base_model.model.language_model.model.layers.27.self_attn.q_proj.lora_B.default.weight: requires_grad=False
base_model.model.language_model.model.layers.27.self_attn.v_proj.lora_A.default.weight: requires_grad=False
base_model.model.language_model.model.layers.27.self_attn.v_proj.lora_B.default.weight: requires_grad=False
base_model.model.language_model.model.layers.28.cross_attn.q_proj.lora_A.default.weight: requires_grad=False
base_model.model.language_model.model.layers.28.cross_attn.q_proj.lora_B.default.weight: requires_grad=False
base_model.model.language_model.model.layers.28.cross_attn.v_proj.lora_A.default.weight: requires_grad=False
base_model.model.language_model.model.layers.28.cross_attn.v_proj.lora_B.default.weight: requires_grad=False
base_model.model.language_model.model.layers.29.self_attn.q_proj.lora_A.default.weight: requires_grad=False
base_model.model.language_model.model.layers.29.self_attn.q_proj.lora_B.default.weight: requires_grad=False
base_model.model.language_model.model.layers.29.self_attn.v_proj.lora_A.default.weight: requires_grad=False
base_model.model.language_model.model.layers.29.self_attn.v_proj.lora_B.default.weight: requires_grad=False
base_model.model.language_model.model.layers.30.self_attn.q_proj.lora_A.default.weight: requires_grad=False
base_model.model.language_model.model.layers.30.self_attn.q_proj.lora_B.default.weight: requires_grad=False
base_model.model.language_model.model.layers.30.self_attn.v_proj.lora_A.default.weight: requires_grad=False
base_model.model.language_model.model.layers.30.self_attn.v_proj.lora_B.default.weight: requires_grad=False
base_model.model.language_model.model.layers.31.self_attn.q_proj.lora_A.default.weight: requires_grad=False
base_model.model.language_model.model.layers.31.self_attn.q_proj.lora_B.default.weight: requires_grad=False
base_model.model.language_model.model.layers.31.self_attn.v_proj.lora_A.default.weight: requires_grad=False
base_model.model.language_model.model.layers.31.self_attn.v_proj.lora_B.default.weight: requires_grad=False
base_model.model.language_model.model.layers.32.self_attn.q_proj.lora_A.default.weight: requires_grad=False
base_model.model.language_model.model.layers.32.self_attn.q_proj.lora_B.default.weight: requires_grad=False
base_model.model.language_model.model.layers.32.self_attn.v_proj.lora_A.default.weight: requires_grad=False
base_model.model.language_model.model.layers.32.self_attn.v_proj.lora_B.default.weight: requires_grad=False
base_model.model.language_model.model.layers.33.cross_attn.q_proj.lora_A.default.weight: requires_grad=False
base_model.model.language_model.model.layers.33.cross_attn.q_proj.lora_B.default.weight: requires_grad=False
base_model.model.language_model.model.layers.33.cross_attn.v_proj.lora_A.default.weight: requires_grad=False
base_model.model.language_model.model.layers.33.cross_attn.v_proj.lora_B.default.weight: requires_grad=False
base_model.model.language_model.model.layers.34.self_attn.q_proj.lora_A.default.weight: requires_grad=False
base_model.model.language_model.model.layers.34.self_attn.q_proj.lora_B.default.weight: requires_grad=False
base_model.model.language_model.model.layers.34.self_attn.v_proj.lora_A.default.weight: requires_grad=False
base_model.model.language_model.model.layers.34.self_attn.v_proj.lora_B.default.weight: requires_grad=False
base_model.model.language_model.model.layers.35.self_attn.q_proj.lora_A.default.weight: requires_grad=False
base_model.model.language_model.model.layers.35.self_attn.q_proj.lora_B.default.weight: requires_grad=False
base_model.model.language_model.model.layers.35.self_attn.v_proj.lora_A.default.weight: requires_grad=False
base_model.model.language_model.model.layers.35.self_attn.v_proj.lora_B.default.weight: requires_grad=False
base_model.model.language_model.model.layers.36.self_attn.q_proj.lora_A.default.weight: requires_grad=False
base_model.model.language_model.model.layers.36.self_attn.q_proj.lora_B.default.weight: requires_grad=False
base_model.model.language_model.model.layers.36.self_attn.v_proj.lora_A.default.weight: requires_grad=False
base_model.model.language_model.model.layers.36.self_attn.v_proj.lora_B.default.weight: requires_grad=False
base_model.model.language_model.model.layers.37.self_attn.q_proj.lora_A.default.weight: requires_grad=False
base_model.model.language_model.model.layers.37.self_attn.q_proj.lora_B.default.weight: requires_grad=False
base_model.model.language_model.model.layers.37.self_attn.v_proj.lora_A.default.weight: requires_grad=False
base_model.model.language_model.model.layers.37.self_attn.v_proj.lora_B.default.weight: requires_grad=False
base_model.model.language_model.model.layers.38.cross_attn.q_proj.lora_A.default.weight: requires_grad=False
base_model.model.language_model.model.layers.38.cross_attn.q_proj.lora_B.default.weight: requires_grad=False
base_model.model.language_model.model.layers.38.cross_attn.v_proj.lora_A.default.weight: requires_grad=False
base_model.model.language_model.model.layers.38.cross_attn.v_proj.lora_B.default.weight: requires_grad=False
base_model.model.language_model.model.layers.39.self_attn.q_proj.lora_A.default.weight: requires_grad=False
base_model.model.language_model.model.layers.39.self_attn.q_proj.lora_B.default.weight: requires_grad=False
base_model.model.language_model.model.layers.39.self_attn.v_proj.lora_A.default.weight: requires_grad=False
base_model.model.language_model.model.layers.39.self_attn.v_proj.lora_B.default.weight: requires_grad=False
trainable params: 0 || all params: 10,682,017,315 || trainable%: 0.0000
trainable params: 0 || all params: 10,682,017,315 || trainable%: 0.0000
LoRA model loaded successfully!
LoRA model loaded successfully!
bbbbb
cuda:0
Map (num_proc=4):   0%|          | 0/49660 [00:00<?, ? examples/s]Map (num_proc=4):   1%|          | 375/49660 [00:00<00:17, 2745.16 examples/s]Map (num_proc=4):   7%|▋         | 3359/49660 [00:00<00:03, 11867.10 examples/s]Map (num_proc=4):  13%|█▎        | 6632/49660 [00:00<00:02, 18393.19 examples/s]Map (num_proc=4):  18%|█▊        | 8893/49660 [00:00<00:02, 17914.59 examples/s]Map (num_proc=4):  23%|██▎       | 11629/49660 [00:00<00:02, 18999.53 examples/s]Map (num_proc=4):  30%|██▉       | 14665/49660 [00:00<00:01, 22049.74 examples/s]Map (num_proc=4):  32%|███▏      | 15996/49660 [00:00<00:02, 16102.90 examples/s]
multiprocess.pool.RemoteTraceback: 
"""
Traceback (most recent call last):
  File "/scratch/oe2015/conda-envs/greedy/lib/python3.9/site-packages/datasets/arrow_dataset.py", line 3444, in _map_single
    writer.write(example)
  File "/scratch/oe2015/conda-envs/greedy/lib/python3.9/site-packages/datasets/arrow_writer.py", line 537, in write
    self.write_examples_on_file()
  File "/scratch/oe2015/conda-envs/greedy/lib/python3.9/site-packages/datasets/arrow_writer.py", line 495, in write_examples_on_file
    self.write_batch(batch_examples=batch_examples)
  File "/scratch/oe2015/conda-envs/greedy/lib/python3.9/site-packages/datasets/arrow_writer.py", line 609, in write_batch
    self.write_table(pa_table, writer_batch_size)
  File "/scratch/oe2015/conda-envs/greedy/lib/python3.9/site-packages/datasets/arrow_writer.py", line 627, in write_table
    self.pa_writer.write_table(pa_table, writer_batch_size)
  File "pyarrow/ipc.pxi", line 529, in pyarrow.lib._CRecordBatchWriter.write_table
  File "pyarrow/error.pxi", line 89, in pyarrow.lib.check_status
  File "/scratch/oe2015/conda-envs/greedy/lib/python3.9/site-packages/fsspec/implementations/local.py", line 422, in write
    return self.f.write(*args, **kwargs)
OSError: [Errno 122] Disk quota exceeded

During handling of the above exception, another exception occurred:

Traceback (most recent call last):
  File "/scratch/oe2015/conda-envs/greedy/lib/python3.9/site-packages/multiprocess/pool.py", line 125, in worker
    result = (True, func(*args, **kwds))
  File "/scratch/oe2015/conda-envs/greedy/lib/python3.9/site-packages/datasets/utils/py_utils.py", line 678, in _write_generator_to_queue
    for i, result in enumerate(func(**kwargs)):
  File "/scratch/oe2015/conda-envs/greedy/lib/python3.9/site-packages/datasets/arrow_dataset.py", line 3493, in _map_single
    writer.finalize()
  File "/scratch/oe2015/conda-envs/greedy/lib/python3.9/site-packages/datasets/arrow_writer.py", line 636, in finalize
    self.write_examples_on_file()
  File "/scratch/oe2015/conda-envs/greedy/lib/python3.9/site-packages/datasets/arrow_writer.py", line 495, in write_examples_on_file
    self.write_batch(batch_examples=batch_examples)
  File "/scratch/oe2015/conda-envs/greedy/lib/python3.9/site-packages/datasets/arrow_writer.py", line 609, in write_batch
    self.write_table(pa_table, writer_batch_size)
  File "/scratch/oe2015/conda-envs/greedy/lib/python3.9/site-packages/datasets/arrow_writer.py", line 627, in write_table
    self.pa_writer.write_table(pa_table, writer_batch_size)
  File "pyarrow/ipc.pxi", line 529, in pyarrow.lib._CRecordBatchWriter.write_table
  File "pyarrow/error.pxi", line 89, in pyarrow.lib.check_status
  File "/scratch/oe2015/conda-envs/greedy/lib/python3.9/site-packages/fsspec/implementations/local.py", line 422, in write
    return self.f.write(*args, **kwargs)
OSError: [Errno 122] Disk quota exceeded
"""

The above exception was the direct cause of the following exception:

Traceback (most recent call last):
  File "/scratch/oe2015/ai_project/DeTikZify/detikzify/evaluate/eval_vision.py", line 774, in <module>
    updated_dataset = filtered_dataset.map(
  File "/scratch/oe2015/conda-envs/greedy/lib/python3.9/site-packages/datasets/arrow_dataset.py", line 560, in wrapper
    out: Union["Dataset", "DatasetDict"] = func(self, *args, **kwargs)
  File "/scratch/oe2015/conda-envs/greedy/lib/python3.9/site-packages/datasets/arrow_dataset.py", line 3147, in map
    for rank, done, content in iflatmap_unordered(
  File "/scratch/oe2015/conda-envs/greedy/lib/python3.9/site-packages/datasets/utils/py_utils.py", line 718, in iflatmap_unordered
    [async_result.get(timeout=0.05) for async_result in async_results]
  File "/scratch/oe2015/conda-envs/greedy/lib/python3.9/site-packages/datasets/utils/py_utils.py", line 718, in <listcomp>
    [async_result.get(timeout=0.05) for async_result in async_results]
  File "/scratch/oe2015/conda-envs/greedy/lib/python3.9/site-packages/multiprocess/pool.py", line 771, in get
    raise self._value
OSError: [Errno 122] Disk quota exceeded
